<?xml version="1.0" encoding="UTF-8"?>
<testng-results skipped="0" failed="0" ignored="0" total="7" passed="7">
  <reporter-output>
  </reporter-output>
  <suite name="Default suite" duration-ms="50558" started-at="2019-09-13T14:11:32Z" finished-at="2019-09-13T14:12:23Z">
    <groups>
    </groups>
    <test name="Default test" duration-ms="50558" started-at="2019-09-13T14:11:32Z" finished-at="2019-09-13T14:12:23Z">
      <class name="com.assignmenet.testcases.SeleniumPage_Test">
        <test-method status="PASS" signature="getsetup()[pri:0, instance:com.assignmenet.testcases.SeleniumPage_Test@7b69c6ba]" name="getsetup" is-config="true" duration-ms="11958" started-at="2019-09-13T14:11:32Z" finished-at="2019-09-13T14:11:44Z">
          <reporter-output>
          </reporter-output>
        </test-method> <!-- getsetup -->
        <test-method status="PASS" signature="Selenium_Page_Title_Test()[pri:0, instance:com.assignmenet.testcases.SeleniumPage_Test@7b69c6ba]" name="Selenium_Page_Title_Test" duration-ms="45" started-at="2019-09-13T14:11:44Z" finished-at="2019-09-13T14:11:44Z">
          <reporter-output>
          </reporter-output>
        </test-method> <!-- Selenium_Page_Title_Test -->
        <test-method status="PASS" signature="Selenium_Page_External_Link_Test()[pri:1, instance:com.assignmenet.testcases.SeleniumPage_Test@7b69c6ba]" name="Selenium_Page_External_Link_Test" duration-ms="65" started-at="2019-09-13T14:11:44Z" finished-at="2019-09-13T14:11:44Z">
          <reporter-output>
          </reporter-output>
        </test-method> <!-- Selenium_Page_External_Link_Test -->
        <test-method status="PASS" signature="Selenium_Page_Oxygen_Link_Test()[pri:2, instance:com.assignmenet.testcases.SeleniumPage_Test@7b69c6ba]" name="Selenium_Page_Oxygen_Link_Test" duration-ms="1987" started-at="2019-09-13T14:11:44Z" finished-at="2019-09-13T14:11:46Z">
          <reporter-output>
          </reporter-output>
        </test-method> <!-- Selenium_Page_Oxygen_Link_Test -->
        <test-method status="PASS" signature="OxgenPage_Title_Test()[pri:3, instance:com.assignmenet.testcases.SeleniumPage_Test@7b69c6ba]" name="OxgenPage_Title_Test" duration-ms="15" started-at="2019-09-13T14:11:46Z" finished-at="2019-09-13T14:11:46Z">
          <reporter-output>
          </reporter-output>
        </test-method> <!-- OxgenPage_Title_Test -->
        <test-method status="PASS" signature="Link_Count_Test()[pri:4, instance:com.assignmenet.testcases.SeleniumPage_Test@7b69c6ba]" name="Link_Count_Test" duration-ms="35841" started-at="2019-09-13T14:11:46Z" finished-at="2019-09-13T14:12:22Z">
          <reporter-output>
          </reporter-output>
        </test-method> <!-- Link_Count_Test -->
        <test-method status="PASS" signature="Selenium_Page_Search_Data_Test()[pri:5, instance:com.assignmenet.testcases.SeleniumPage_Test@7b69c6ba]" name="Selenium_Page_Search_Data_Test" duration-ms="142" started-at="2019-09-13T14:12:22Z" finished-at="2019-09-13T14:12:22Z">
          <reporter-output>
          </reporter-output>
        </test-method> <!-- Selenium_Page_Search_Data_Test -->
        <test-method status="PASS" signature="Selenium_Page_Suggestion_Value_Test()[pri:6, instance:com.assignmenet.testcases.SeleniumPage_Test@7b69c6ba]" name="Selenium_Page_Suggestion_Value_Test" duration-ms="470" started-at="2019-09-13T14:12:22Z" finished-at="2019-09-13T14:12:23Z">
          <reporter-output>
          </reporter-output>
        </test-method> <!-- Selenium_Page_Suggestion_Value_Test -->
      </class> <!-- com.assignmenet.testcases.SeleniumPage_Test -->
    </test> <!-- Default test -->
  </suite> <!-- Default suite -->
</testng-results>
